# JRE version: OpenJDK Runtime Environment (17.0.9) (build 17.0.9+0--11185874)
# Java VM: OpenJDK 64-Bit Server VM (17.0.9+0--11185874, mixed mode, tiered, compressed oops, compressed class ptrs, g1 gc, windows-amd64)
GC Precious Log:
 CPUs: 4 total, 4 available
 Memory: 3980M
 Large Page Support: Disabled
 NUMA Support: Disabled
 Compressed Oops: Enabled (Zero based)
 Heap Region Size: 2M
 Heap Min Capacity: 8M
 Heap Initial Capacity: 64M
 Heap Max Capacity: 4G
 Pre-touch: Disabled
 Parallel Workers: 4
 Concurrent Workers: 1
 Concurrent Refinement Workers: 4
 Periodic GC: Disabled
Heap:
 garbage-first heap   total 393216K, used 157235K [0x0000000700000000, 0x0000000800000000)
  region size 2048K, 5 young (10240K), 5 survivors (10240K)
 Metaspace       used 153154K, committed 153984K, reserved 1245184K
  class space    used 20052K, committed 20416K, reserved 1048576K
GC Heap History (20 events):
Event: 673.280 GC heap after
{Heap after GC invocations=120 (full 0):
 garbage-first heap   total 327680K, used 118723K [0x0000000700000000, 0x0000000800000000)
  region size 2048K, 2 young (4096K), 2 survivors (4096K)
 Metaspace       used 113460K, committed 114176K, reserved 1179648K
  class space    used 15218K, committed 15552K, reserved 1048576K
}
Event: 680.947 GC heap before
{Heap before GC invocations=120 (full 0):
 garbage-first heap   total 327680K, used 188355K [0x0000000700000000, 0x0000000800000000)
  region size 2048K, 33 young (67584K), 2 survivors (4096K)
 Metaspace       used 117692K, committed 118336K, reserved 1179648K
  class space    used 15712K, committed 16000K, reserved 1048576K
}
Event: 681.051 GC heap after
{Heap after GC invocations=121 (full 0):
 garbage-first heap   total 393216K, used 134651K [0x0000000700000000, 0x0000000800000000)
  region size 2048K, 5 young (10240K), 5 survivors (10240K)
 Metaspace       used 117692K, committed 118336K, reserved 1179648K
  class space    used 15712K, committed 16000K, reserved 1048576K
}
Event: 683.814 GC heap before
{Heap before GC invocations=121 (full 0):
 garbage-first heap   total 393216K, used 161275K [0x0000000700000000, 0x0000000800000000)
  region size 2048K, 18 young (36864K), 5 survivors (10240K)
 Metaspace       used 119577K, committed 120256K, reserved 1179648K
  class space    used 15930K, committed 16256K, reserved 1048576K
}
Event: 683.861 GC heap after
{Heap after GC invocations=122 (full 0):
 garbage-first heap   total 393216K, used 138484K [0x0000000700000000, 0x0000000800000000)
  region size 2048K, 2 young (4096K), 2 survivors (4096K)
 Metaspace       used 119577K, committed 120256K, reserved 1179648K
  class space    used 15930K, committed 16256K, reserved 1048576K
}
Event: 691.699 GC heap before
{Heap before GC invocations=122 (full 0):
 garbage-first heap   total 393216K, used 210164K [0x0000000700000000, 0x0000000800000000)
  region size 2048K, 37 young (75776K), 2 survivors (4096K)
 Metaspace       used 127742K, committed 128448K, reserved 1179648K
  class space    used 16780K, committed 17088K, reserved 1048576K
}
Event: 691.751 GC heap after
{Heap after GC invocations=123 (full 0):
 garbage-first heap   total 393216K, used 141495K [0x0000000700000000, 0x0000000800000000)
  region size 2048K, 4 young (8192K), 4 survivors (8192K)
 Metaspace       used 127742K, committed 128448K, reserved 1179648K
  class space    used 16780K, committed 17088K, reserved 1048576K
}
Event: 692.099 GC heap before
{Heap before GC invocations=123 (full 0):
 garbage-first heap   total 393216K, used 145591K [0x0000000700000000, 0x0000000800000000)
  region size 2048K, 7 young (14336K), 4 survivors (8192K)
 Metaspace       used 128432K, committed 129088K, reserved 1179648K
  class space    used 16848K, committed 17152K, reserved 1048576K
}
Event: 692.168 GC heap after
{Heap after GC invocations=124 (full 0):
 garbage-first heap   total 393216K, used 141859K [0x0000000700000000, 0x0000000800000000)
  region size 2048K, 4 young (8192K), 4 survivors (8192K)
 Metaspace       used 128432K, committed 129088K, reserved 1179648K
  class space    used 16848K, committed 17152K, reserved 1048576K
}
Event: 711.589 GC heap before
{Heap before GC invocations=125 (full 0):
 garbage-first heap   total 393216K, used 248355K [0x0000000700000000, 0x0000000800000000)
  region size 2048K, 56 young (114688K), 4 survivors (8192K)
 Metaspace       used 134677K, committed 135360K, reserved 1179648K
  class space    used 17669K, committed 17984K, reserved 1048576K
}
Event: 711.788 GC heap after
{Heap after GC invocations=126 (full 0):
 garbage-first heap   total 393216K, used 147747K [0x0000000700000000, 0x0000000800000000)
  region size 2048K, 7 young (14336K), 7 survivors (14336K)
 Metaspace       used 134677K, committed 135360K, reserved 1179648K
  class space    used 17669K, committed 17984K, reserved 1048576K
}
Event: 713.489 GC heap before
{Heap before GC invocations=126 (full 0):
 garbage-first heap   total 393216K, used 151843K [0x0000000700000000, 0x0000000800000000)
  region size 2048K, 9 young (18432K), 7 survivors (14336K)
 Metaspace       used 135160K, committed 135872K, reserved 1179648K
  class space    used 17725K, committed 18048K, reserved 1048576K
}
Event: 713.723 GC heap after
{Heap after GC invocations=127 (full 0):
 garbage-first heap   total 393216K, used 145552K [0x0000000700000000, 0x0000000800000000)
  region size 2048K, 1 young (2048K), 1 survivors (2048K)
 Metaspace       used 135160K, committed 135872K, reserved 1179648K
  class space    used 17725K, committed 18048K, reserved 1048576K
}
Event: 735.068 GC heap before
{Heap before GC invocations=127 (full 0):
 garbage-first heap   total 393216K, used 231568K [0x0000000700000000, 0x0000000800000000)
  region size 2048K, 43 young (88064K), 1 survivors (2048K)
 Metaspace       used 144931K, committed 145600K, reserved 1179648K
  class space    used 18722K, committed 19008K, reserved 1048576K
}
Event: 735.265 GC heap after
{Heap after GC invocations=128 (full 0):
 garbage-first heap   total 393216K, used 146794K [0x0000000700000000, 0x0000000800000000)
  region size 2048K, 2 young (4096K), 2 survivors (4096K)
 Metaspace       used 144931K, committed 145600K, reserved 1179648K
  class space    used 18722K, committed 19008K, reserved 1048576K
}
Event: 760.963 GC heap before
{Heap before GC invocations=129 (full 0):
 garbage-first heap   total 393216K, used 210282K [0x0000000700000000, 0x0000000800000000)
  region size 2048K, 33 young (67584K), 2 survivors (4096K)
 Metaspace       used 146962K, committed 147712K, reserved 1179648K
  class space    used 18991K, committed 19328K, reserved 1048576K
}
Event: 761.226 GC heap after
{Heap after GC invocations=130 (full 0):
 garbage-first heap   total 393216K, used 151191K [0x0000000700000000, 0x0000000800000000)
  region size 2048K, 4 young (8192K), 4 survivors (8192K)
 Metaspace       used 146962K, committed 147712K, reserved 1179648K
  class space    used 18991K, committed 19328K, reserved 1048576K
}
Event: 763.526 GC heap before
{Heap before GC invocations=130 (full 0):
 garbage-first heap   total 393216K, used 159383K [0x0000000700000000, 0x0000000800000000)
  region size 2048K, 9 young (18432K), 4 survivors (8192K)
 Metaspace       used 147797K, committed 148480K, reserved 1179648K
  class space    used 19112K, committed 19392K, reserved 1048576K
}
Event: 763.631 GC heap after
{Heap after GC invocations=131 (full 0):
 garbage-first heap   total 393216K, used 150177K [0x0000000700000000, 0x0000000800000000)
  region size 2048K, 1 young (2048K), 1 survivors (2048K)
 Metaspace       used 147797K, committed 148480K, reserved 1179648K
  class space    used 19112K, committed 19392K, reserved 1048576K
}
Event: 773.895 GC heap before
{Heap before GC invocations=131 (full 0):
 garbage-first heap   total 393216K, used 232097K [0x0000000700000000, 0x0000000800000000)
  region size 2048K, 41 young (83968K), 1 survivors (2048K)
 Metaspace       used 153154K, committed 153984K, reserved 1245184K
  class space    used 20052K, committed 20416K, reserved 1048576K
}

