# JRE version: OpenJDK Runtime Environment (17.0.9) (build 17.0.9+0--11185874)
# Java VM: OpenJDK 64-Bit Server VM (17.0.9+0--11185874, mixed mode, tiered, compressed oops, compressed class ptrs, g1 gc, windows-amd64)
GC Precious Log:
 CPUs: 4 total, 4 available
 Memory: 3980M
 Large Page Support: Disabled
 NUMA Support: Disabled
 Compressed Oops: Enabled (Zero based)
 Heap Region Size: 2M
 Heap Min Capacity: 8M
 Heap Initial Capacity: 64M
 Heap Max Capacity: 4G
 Pre-touch: Disabled
 Parallel Workers: 4
 Concurrent Workers: 1
 Concurrent Refinement Workers: 4
 Periodic GC: Disabled
Heap:
 garbage-first heap   total 71680K, used 46140K [0x0000000700000000, 0x0000000800000000)
  region size 2048K, 6 young (12288K), 2 survivors (4096K)
 Metaspace       used 66453K, committed 67008K, reserved 1114112K
  class space    used 9220K, committed 9472K, reserved 1048576K
GC Heap History (20 events):
Event: 44.504 GC heap before
{Heap before GC invocations=16 (full 0):
 garbage-first heap   total 65536K, used 50870K [0x0000000700000000, 0x0000000800000000)
  region size 2048K, 11 young (22528K), 1 survivors (2048K)
 Metaspace       used 46458K, committed 46912K, reserved 1114112K
  class space    used 6115K, committed 6336K, reserved 1048576K
}
Event: 44.519 GC heap after
{Heap after GC invocations=17 (full 0):
 garbage-first heap   total 65536K, used 31625K [0x0000000700000000, 0x0000000800000000)
  region size 2048K, 2 young (4096K), 2 survivors (4096K)
 Metaspace       used 46458K, committed 46912K, reserved 1114112K
  class space    used 6115K, committed 6336K, reserved 1048576K
}
Event: 46.690 GC heap before
{Heap before GC invocations=17 (full 0):
 garbage-first heap   total 65536K, used 50057K [0x0000000700000000, 0x0000000800000000)
  region size 2048K, 11 young (22528K), 2 survivors (4096K)
 Metaspace       used 48758K, committed 49280K, reserved 1114112K
  class space    used 6484K, committed 6720K, reserved 1048576K
}
Event: 46.715 GC heap after
{Heap after GC invocations=18 (full 0):
 garbage-first heap   total 65536K, used 32629K [0x0000000700000000, 0x0000000800000000)
  region size 2048K, 2 young (4096K), 2 survivors (4096K)
 Metaspace       used 48758K, committed 49280K, reserved 1114112K
  class space    used 6484K, committed 6720K, reserved 1048576K
}
Event: 49.326 GC heap before
{Heap before GC invocations=18 (full 0):
 garbage-first heap   total 65536K, used 51061K [0x0000000700000000, 0x0000000800000000)
  region size 2048K, 11 young (22528K), 2 survivors (4096K)
 Metaspace       used 51803K, committed 52224K, reserved 1114112K
  class space    used 6966K, committed 7168K, reserved 1048576K
}
Event: 49.338 GC heap after
{Heap after GC invocations=19 (full 0):
 garbage-first heap   total 65536K, used 33629K [0x0000000700000000, 0x0000000800000000)
  region size 2048K, 2 young (4096K), 2 survivors (4096K)
 Metaspace       used 51803K, committed 52224K, reserved 1114112K
  class space    used 6966K, committed 7168K, reserved 1048576K
}
Event: 53.321 GC heap before
{Heap before GC invocations=20 (full 0):
 garbage-first heap   total 65536K, used 52061K [0x0000000700000000, 0x0000000800000000)
  region size 2048K, 11 young (22528K), 2 survivors (4096K)
 Metaspace       used 54131K, committed 54592K, reserved 1114112K
  class space    used 7307K, committed 7488K, reserved 1048576K
}
Event: 53.336 GC heap after
{Heap after GC invocations=21 (full 0):
 garbage-first heap   total 65536K, used 34398K [0x0000000700000000, 0x0000000800000000)
  region size 2048K, 2 young (4096K), 2 survivors (4096K)
 Metaspace       used 54131K, committed 54592K, reserved 1114112K
  class space    used 7307K, committed 7488K, reserved 1048576K
}
Event: 54.796 GC heap before
{Heap before GC invocations=21 (full 0):
 garbage-first heap   total 65536K, used 50782K [0x0000000700000000, 0x0000000800000000)
  region size 2048K, 10 young (20480K), 2 survivors (4096K)
 Metaspace       used 56317K, committed 56832K, reserved 1114112K
  class space    used 7584K, committed 7808K, reserved 1048576K
}
Event: 54.808 GC heap after
{Heap after GC invocations=22 (full 0):
 garbage-first heap   total 65536K, used 35428K [0x0000000700000000, 0x0000000800000000)
  region size 2048K, 2 young (4096K), 2 survivors (4096K)
 Metaspace       used 56317K, committed 56832K, reserved 1114112K
  class space    used 7584K, committed 7808K, reserved 1048576K
}
Event: 57.125 GC heap before
{Heap before GC invocations=23 (full 0):
 garbage-first heap   total 69632K, used 51812K [0x0000000700000000, 0x0000000800000000)
  region size 2048K, 10 young (20480K), 2 survivors (4096K)
 Metaspace       used 57988K, committed 58432K, reserved 1114112K
  class space    used 7799K, committed 8000K, reserved 1048576K
}
Event: 57.150 GC heap after
{Heap after GC invocations=24 (full 0):
 garbage-first heap   total 69632K, used 36109K [0x0000000700000000, 0x0000000800000000)
  region size 2048K, 2 young (4096K), 2 survivors (4096K)
 Metaspace       used 57988K, committed 58432K, reserved 1114112K
  class space    used 7799K, committed 8000K, reserved 1048576K
}
Event: 59.404 GC heap before
{Heap before GC invocations=24 (full 0):
 garbage-first heap   total 69632K, used 54541K [0x0000000700000000, 0x0000000800000000)
  region size 2048K, 11 young (22528K), 2 survivors (4096K)
 Metaspace       used 60463K, committed 61056K, reserved 1114112K
  class space    used 8175K, committed 8448K, reserved 1048576K
}
Event: 59.421 GC heap after
{Heap after GC invocations=25 (full 0):
 garbage-first heap   total 69632K, used 36724K [0x0000000700000000, 0x0000000800000000)
  region size 2048K, 2 young (4096K), 2 survivors (4096K)
 Metaspace       used 60463K, committed 61056K, reserved 1114112K
  class space    used 8175K, committed 8448K, reserved 1048576K
}
Event: 61.630 GC heap before
{Heap before GC invocations=26 (full 0):
 garbage-first heap   total 69632K, used 55156K [0x0000000700000000, 0x0000000800000000)
  region size 2048K, 11 young (22528K), 2 survivors (4096K)
 Metaspace       used 62202K, committed 62720K, reserved 1114112K
  class space    used 8484K, committed 8768K, reserved 1048576K
}
Event: 61.645 GC heap after
{Heap after GC invocations=27 (full 0):
 garbage-first heap   total 69632K, used 38018K [0x0000000700000000, 0x0000000800000000)
  region size 2048K, 2 young (4096K), 2 survivors (4096K)
 Metaspace       used 62202K, committed 62720K, reserved 1114112K
  class space    used 8484K, committed 8768K, reserved 1048576K
}
Event: 63.789 GC heap before
{Heap before GC invocations=27 (full 0):
 garbage-first heap   total 69632K, used 54402K [0x0000000700000000, 0x0000000800000000)
  region size 2048K, 10 young (20480K), 2 survivors (4096K)
 Metaspace       used 64013K, committed 64576K, reserved 1114112K
  class space    used 8815K, committed 9088K, reserved 1048576K
}
Event: 63.805 GC heap after
{Heap after GC invocations=28 (full 0):
 garbage-first heap   total 69632K, used 38968K [0x0000000700000000, 0x0000000800000000)
  region size 2048K, 2 young (4096K), 2 survivors (4096K)
 Metaspace       used 64013K, committed 64576K, reserved 1114112K
  class space    used 8815K, committed 9088K, reserved 1048576K
}
Event: 66.256 GC heap before
{Heap before GC invocations=29 (full 0):
 garbage-first heap   total 71680K, used 53304K [0x0000000700000000, 0x0000000800000000)
  region size 2048K, 10 young (20480K), 2 survivors (4096K)
 Metaspace       used 65518K, committed 66112K, reserved 1114112K
  class space    used 9073K, committed 9344K, reserved 1048576K
}
Event: 66.272 GC heap after
{Heap after GC invocations=30 (full 0):
 garbage-first heap   total 71680K, used 39996K [0x0000000700000000, 0x0000000800000000)
  region size 2048K, 2 young (4096K), 2 survivors (4096K)
 Metaspace       used 65518K, committed 66112K, reserved 1114112K
  class space    used 9073K, committed 9344K, reserved 1048576K
}

