# JRE version: OpenJDK Runtime Environment (17.0.9) (build 17.0.9+0--11185874)
# Java VM: OpenJDK 64-Bit Server VM (17.0.9+0--11185874, mixed mode, tiered, compressed oops, compressed class ptrs, g1 gc, windows-amd64)
GC Precious Log:
 CPUs: 4 total, 4 available
 Memory: 3980M
 Large Page Support: Disabled
 NUMA Support: Disabled
 Compressed Oops: Enabled (Zero based)
 Heap Region Size: 2M
 Heap Min Capacity: 8M
 Heap Initial Capacity: 64M
 Heap Max Capacity: 4G
 Pre-touch: Disabled
 Parallel Workers: 4
 Concurrent Workers: 1
 Concurrent Refinement Workers: 4
 Periodic GC: Disabled
Heap:
 garbage-first heap   total 602112K, used 129076K [0x0000000700000000, 0x0000000800000000)
  region size 2048K, 2 young (4096K), 2 survivors (4096K)
 Metaspace       used 121496K, committed 122112K, reserved 1179648K
  class space    used 15010K, committed 15296K, reserved 1048576K
GC Heap History (20 events):
Event: 114.671 GC heap after
{Heap after GC invocations=99 (full 0):
 garbage-first heap   total 301056K, used 110495K [0x0000000700000000, 0x0000000800000000)
  region size 2048K, 4 young (8192K), 4 survivors (8192K)
 Metaspace       used 104252K, committed 104832K, reserved 1179648K
  class space    used 12548K, committed 12800K, reserved 1048576K
}
Event: 116.479 GC heap before
{Heap before GC invocations=99 (full 0):
 garbage-first heap   total 301056K, used 247711K [0x0000000700000000, 0x0000000800000000)
  region size 2048K, 71 young (145408K), 4 survivors (8192K)
 Metaspace       used 104255K, committed 104832K, reserved 1179648K
  class space    used 12548K, committed 12800K, reserved 1048576K
}
Event: 116.491 GC heap after
{Heap after GC invocations=100 (full 0):
 garbage-first heap   total 301056K, used 111475K [0x0000000700000000, 0x0000000800000000)
  region size 2048K, 4 young (8192K), 4 survivors (8192K)
 Metaspace       used 104255K, committed 104832K, reserved 1179648K
  class space    used 12548K, committed 12800K, reserved 1048576K
}
Event: 117.689 GC heap before
{Heap before GC invocations=100 (full 0):
 garbage-first heap   total 301056K, used 252787K [0x0000000700000000, 0x0000000800000000)
  region size 2048K, 73 young (149504K), 4 survivors (8192K)
 Metaspace       used 104255K, committed 104832K, reserved 1179648K
  class space    used 12548K, committed 12800K, reserved 1048576K
}
Event: 117.730 GC heap after
{Heap after GC invocations=101 (full 0):
 garbage-first heap   total 301056K, used 112079K [0x0000000700000000, 0x0000000800000000)
  region size 2048K, 5 young (10240K), 5 survivors (10240K)
 Metaspace       used 104255K, committed 104832K, reserved 1179648K
  class space    used 12548K, committed 12800K, reserved 1048576K
}
Event: 119.063 GC heap before
{Heap before GC invocations=101 (full 0):
 garbage-first heap   total 301056K, used 253391K [0x0000000700000000, 0x0000000800000000)
  region size 2048K, 74 young (151552K), 5 survivors (10240K)
 Metaspace       used 104255K, committed 104832K, reserved 1179648K
  class space    used 12548K, committed 12800K, reserved 1048576K
}
Event: 119.084 GC heap after
{Heap after GC invocations=102 (full 0):
 garbage-first heap   total 602112K, used 112826K [0x0000000700000000, 0x0000000800000000)
  region size 2048K, 5 young (10240K), 5 survivors (10240K)
 Metaspace       used 104255K, committed 104832K, reserved 1179648K
  class space    used 12548K, committed 12800K, reserved 1048576K
}
Event: 125.631 GC heap before
{Heap before GC invocations=102 (full 0):
 garbage-first heap   total 602112K, used 467130K [0x0000000700000000, 0x0000000800000000)
  region size 2048K, 176 young (360448K), 5 survivors (10240K)
 Metaspace       used 106329K, committed 106944K, reserved 1179648K
  class space    used 12766K, committed 13056K, reserved 1048576K
}
Event: 125.861 GC heap after
{Heap after GC invocations=103 (full 0):
 garbage-first heap   total 602112K, used 104340K [0x0000000700000000, 0x0000000800000000)
  region size 2048K, 4 young (8192K), 4 survivors (8192K)
 Metaspace       used 106329K, committed 106944K, reserved 1179648K
  class space    used 12766K, committed 13056K, reserved 1048576K
}
Event: 149.671 GC heap before
{Heap before GC invocations=103 (full 0):
 garbage-first heap   total 602112K, used 468884K [0x0000000700000000, 0x0000000800000000)
  region size 2048K, 176 young (360448K), 4 survivors (8192K)
 Metaspace       used 116211K, committed 116800K, reserved 1179648K
  class space    used 14177K, committed 14464K, reserved 1048576K
}
Event: 150.223 GC heap after
{Heap after GC invocations=104 (full 0):
 garbage-first heap   total 602112K, used 125683K [0x0000000700000000, 0x0000000800000000)
  region size 2048K, 11 young (22528K), 11 survivors (22528K)
 Metaspace       used 116211K, committed 116800K, reserved 1179648K
  class space    used 14177K, committed 14464K, reserved 1048576K
}
Event: 151.396 GC heap before
{Heap before GC invocations=104 (full 0):
 garbage-first heap   total 602112K, used 131827K [0x0000000700000000, 0x0000000800000000)
  region size 2048K, 14 young (28672K), 11 survivors (22528K)
 Metaspace       used 116215K, committed 116800K, reserved 1179648K
  class space    used 14177K, committed 14464K, reserved 1048576K
}
Event: 151.811 GC heap after
{Heap after GC invocations=105 (full 0):
 garbage-first heap   total 602112K, used 127857K [0x0000000700000000, 0x0000000800000000)
  region size 2048K, 2 young (4096K), 2 survivors (4096K)
 Metaspace       used 116215K, committed 116800K, reserved 1179648K
  class space    used 14177K, committed 14464K, reserved 1048576K
}
Event: 159.302 GC heap before
{Heap before GC invocations=105 (full 0):
 garbage-first heap   total 602112K, used 301937K [0x0000000700000000, 0x0000000800000000)
  region size 2048K, 87 young (178176K), 2 survivors (4096K)
 Metaspace       used 121388K, committed 122048K, reserved 1179648K
  class space    used 14994K, committed 15296K, reserved 1048576K
}
Event: 159.442 GC heap after
{Heap after GC invocations=106 (full 0):
 garbage-first heap   total 602112K, used 130663K [0x0000000700000000, 0x0000000800000000)
  region size 2048K, 3 young (6144K), 3 survivors (6144K)
 Metaspace       used 121388K, committed 122048K, reserved 1179648K
  class space    used 14994K, committed 15296K, reserved 1048576K
}
Event: 163.689 GC heap before
{Heap before GC invocations=106 (full 0):
 garbage-first heap   total 602112K, used 288359K [0x0000000700000000, 0x0000000800000000)
  region size 2048K, 80 young (163840K), 3 survivors (6144K)
 Metaspace       used 121406K, committed 122048K, reserved 1179648K
  class space    used 14997K, committed 15296K, reserved 1048576K
}
Event: 163.730 GC heap after
{Heap after GC invocations=107 (full 0):
 garbage-first heap   total 602112K, used 132557K [0x0000000700000000, 0x0000000800000000)
  region size 2048K, 4 young (8192K), 4 survivors (8192K)
 Metaspace       used 121406K, committed 122048K, reserved 1179648K
  class space    used 14997K, committed 15296K, reserved 1048576K
}
Event: 166.021 GC heap before
{Heap before GC invocations=107 (full 0):
 garbage-first heap   total 602112K, used 308685K [0x0000000700000000, 0x0000000800000000)
  region size 2048K, 90 young (184320K), 4 survivors (8192K)
 Metaspace       used 121408K, committed 122048K, reserved 1179648K
  class space    used 14997K, committed 15296K, reserved 1048576K
}
Event: 166.084 GC heap after
{Heap after GC invocations=108 (full 0):
 garbage-first heap   total 602112K, used 135220K [0x0000000700000000, 0x0000000800000000)
  region size 2048K, 5 young (10240K), 5 survivors (10240K)
 Metaspace       used 121408K, committed 122048K, reserved 1179648K
  class space    used 14997K, committed 15296K, reserved 1048576K
}
Event: 169.386 GC heap before
{Heap before GC invocations=108 (full 0):
 garbage-first heap   total 602112K, used 319540K [0x0000000700000000, 0x0000000800000000)
  region size 2048K, 95 young (194560K), 5 survivors (10240K)
 Metaspace       used 121496K, committed 122112K, reserved 1179648K
  class space    used 15010K, committed 15296K, reserved 1048576K
}

